<?xml version="1.0" encoding="UTF-8"?>
<!-- Generated by org.testng.reporters.JUnitReportReporter -->
<testsuite skipped="0" hostname="DESKTOP-DOLVE1I" name="com.Prod.dtx_project.C_ProfileLogins" tests="4" failures="0" timestamp="11 Feb 2019 20:45:31 GMT" time="5.447" errors="0">
  <testcase name="TC001NavigateToTRANSCOM" time="0.509" classname="com.Prod.dtx_project.C_ProfileLogins"/>
  <testcase name="TRANSCOMReportAnEvent" time="0.001" classname="com.Prod.dtx_project.C_ProfileLogins"/>
  <testcase name="TC002logintoProfile" time="4.772" classname="com.Prod.dtx_project.C_ProfileLogins"/>
  <testcase name="profileLandedpg" time="0.165" classname="com.Prod.dtx_project.C_ProfileLogins"/>
</testsuite> <!-- com.Prod.dtx_project.C_ProfileLogins -->
