<?xml version="1.0" encoding="UTF-8"?>
<!-- Generated by org.testng.reporters.JUnitReportReporter -->
<testsuite skipped="0" hostname="DESKTOP-DOLVE1I" name="com.Prod.dtx_project.LaunchBrowser" tests="1" failures="0" timestamp="06 Feb 2019 12:48:45 GMT" time="0.004" errors="0">
  <testcase name="syso" time="0.004" classname="com.Prod.dtx_project.LaunchBrowser"/>
</testsuite> <!-- com.Prod.dtx_project.LaunchBrowser -->
