<?xml version="1.0" encoding="UTF-8"?>
<!-- Generated by org.testng.reporters.JUnitReportReporter -->
<testsuite skipped="0" hostname="DESKTOP-DOLVE1I" name="com.Prod.dtx_project.E_DIF2EventsAwaitingReview" tests="9" failures="0" timestamp="11 Feb 2019 19:20:15 GMT" time="11.587" errors="0">
  <testcase name="TC001NavigateToTRANSCOM" time="0.626" classname="com.Prod.dtx_project.E_DIF2EventsAwaitingReview"/>
  <testcase name="TRANSCOMReportAnEvent" time="0.002" classname="com.Prod.dtx_project.E_DIF2EventsAwaitingReview"/>
  <testcase name="TC002logintoProfile" time="4.841" classname="com.Prod.dtx_project.E_DIF2EventsAwaitingReview"/>
  <testcase name="profileLandedpg" time="0.158" classname="com.Prod.dtx_project.E_DIF2EventsAwaitingReview"/>
  <testcase name="searchLeftNav" time="1.168" classname="com.Prod.dtx_project.E_DIF2EventsAwaitingReview"/>
  <testcase name="SearchByPSRnumber" time="1.731" classname="com.Prod.dtx_project.E_DIF2EventsAwaitingReview"/>
  <testcase name="SearchByPSRnumberValidateResult" time="0.793" classname="com.Prod.dtx_project.E_DIF2EventsAwaitingReview"/>
  <testcase name="SearchByDatixID" time="2.267" classname="com.Prod.dtx_project.E_DIF2EventsAwaitingReview"/>
  <testcase name="eAwaitingReview" time="0.001" classname="com.Prod.dtx_project.E_DIF2EventsAwaitingReview"/>
</testsuite> <!-- com.Prod.dtx_project.E_DIF2EventsAwaitingReview -->
