<?xml version="1.0" encoding="UTF-8"?>
<!-- Generated by org.testng.reporters.JUnitReportReporter -->
<testsuite skipped="0" hostname="DESKTOP-DOLVE1I" name="com.Prod.dtx_project.DIF1v2" tests="3" failures="0" timestamp="11 Feb 2019 16:01:22 GMT" time="7.474" errors="0">
  <testcase name="TC001NavigateToTRANSCOM" time="1.146" classname="com.Prod.dtx_project.DIF1v2"/>
  <testcase name="TC002logintoProfile" time="5.088" classname="com.Prod.dtx_project.DIF1v2"/>
  <testcase name="searchLeftNav" time="1.240" classname="com.Prod.dtx_project.DIF1v2"/>
</testsuite> <!-- com.Prod.dtx_project.DIF1v2 -->
