<?xml version="1.0" encoding="UTF-8"?>
<!-- Generated by org.testng.reporters.JUnitReportReporter -->
<testsuite skipped="0" hostname="DESKTOP-DOLVE1I" name="com.Prod.dtx_project.SearchPg" tests="6" failures="0" timestamp="11 Feb 2019 14:23:20 GMT" time="10.627" errors="0">
  <testcase name="TC001NavigateToTRANSCOM" time="0.377" classname="com.Prod.dtx_project.SearchPg"/>
  <testcase name="TC002logintoProfile" time="4.713" classname="com.Prod.dtx_project.SearchPg"/>
  <testcase name="searchLeftNav" time="1.132" classname="com.Prod.dtx_project.SearchPg"/>
  <testcase name="SearchByPSRnumber" time="1.596" classname="com.Prod.dtx_project.SearchPg"/>
  <testcase name="SearchByPSRnumberValidateResult" time="0.735" classname="com.Prod.dtx_project.SearchPg"/>
  <testcase name="SearchByDatixID" time="2.074" classname="com.Prod.dtx_project.SearchPg"/>
</testsuite> <!-- com.Prod.dtx_project.SearchPg -->
