<?xml version="1.0" encoding="UTF-8"?>
<!-- Generated by org.testng.reporters.JUnitReportReporter -->
<testsuite skipped="0" hostname="DESKTOP-DOLVE1I" name="com.Prod.dtx_project.D_SearchPg" tests="7" failures="0" timestamp="11 Feb 2019 18:50:44 GMT" time="12.897" errors="0">
  <testcase name="TC001NavigateToTRANSCOM" time="0.466" classname="com.Prod.dtx_project.D_SearchPg"/>
  <testcase name="TRANSCOMReportAnEvent" time="0.001" classname="com.Prod.dtx_project.D_SearchPg"/>
  <testcase name="TC002logintoProfile" time="5.329" classname="com.Prod.dtx_project.D_SearchPg"/>
  <testcase name="searchLeftNav" time="1.312" classname="com.Prod.dtx_project.D_SearchPg"/>
  <testcase name="SearchByPSRnumber" time="1.713" classname="com.Prod.dtx_project.D_SearchPg"/>
  <testcase name="SearchByPSRnumberValidateResult" time="0.806" classname="com.Prod.dtx_project.D_SearchPg"/>
  <testcase name="SearchByDatixID" time="3.270" classname="com.Prod.dtx_project.D_SearchPg"/>
</testsuite> <!-- com.Prod.dtx_project.D_SearchPg -->
