<?xml version="1.0" encoding="UTF-8"?>
<!-- Generated by org.testng.reporters.JUnitReportReporter -->
<testsuite skipped="0" hostname="DESKTOP-DOLVE1I" name="com.Prod.dtx_project.ProfileLogins" tests="4" failures="0" timestamp="11 Feb 2019 18:35:53 GMT" time="6.734" errors="0">
  <testcase name="TC001NavigateToTRANSCOM" time="0.455" classname="com.Prod.dtx_project.ProfileLogins"/>
  <testcase name="TRANSCOMReportAnEvent" time="0.001" classname="com.Prod.dtx_project.ProfileLogins"/>
  <testcase name="TC002logintoProfile" time="5.037" classname="com.Prod.dtx_project.ProfileLogins"/>
  <testcase name="searchLeftNav" time="1.241" classname="com.Prod.dtx_project.ProfileLogins"/>
</testsuite> <!-- com.Prod.dtx_project.ProfileLogins -->
