<?xml version="1.0" encoding="UTF-8"?>
<!-- Generated by org.testng.reporters.JUnitReportReporter -->
<testsuite skipped="0" hostname="DESKTOP-DOLVE1I" name="com.Prod.dtx_project.SearchPg" tests="7" failures="0" timestamp="11 Feb 2019 18:40:08 GMT" time="12.966" errors="0">
  <testcase name="TC001NavigateToTRANSCOM" time="0.459" classname="com.Prod.dtx_project.SearchPg"/>
  <testcase name="TRANSCOMReportAnEvent" time="0.001" classname="com.Prod.dtx_project.SearchPg"/>
  <testcase name="TC002logintoProfile" time="6.032" classname="com.Prod.dtx_project.SearchPg"/>
  <testcase name="searchLeftNav" time="1.165" classname="com.Prod.dtx_project.SearchPg"/>
  <testcase name="SearchByPSRnumber" time="2.470" classname="com.Prod.dtx_project.SearchPg"/>
  <testcase name="SearchByPSRnumberValidateResult" time="0.711" classname="com.Prod.dtx_project.SearchPg"/>
  <testcase name="SearchByDatixID" time="2.128" classname="com.Prod.dtx_project.SearchPg"/>
</testsuite> <!-- com.Prod.dtx_project.SearchPg -->
