<?xml version="1.0" encoding="UTF-8"?>
<!-- Generated by org.testng.reporters.JUnitReportReporter -->
<testsuite skipped="0" hostname="DESKTOP-DOLVE1I" name="com.Prod.dtx_project.GoogleTest" tests="3" failures="0" timestamp="09 Feb 2019 21:29:51 GMT" time="9.321" errors="0">
  <testcase name="googletitletest" time="3.575" classname="com.Prod.dtx_project.GoogleTest"/>
  <testcase name="mailLinktest" time="2.795" classname="com.Prod.dtx_project.GoogleTest"/>
  <testcase name="googlelogotest" time="2.951" classname="com.Prod.dtx_project.GoogleTest"/>
</testsuite> <!-- com.Prod.dtx_project.GoogleTest -->
