<?xml version="1.0" encoding="UTF-8"?>
<!-- Generated by org.testng.reporters.JUnitReportReporter -->
<testsuite skipped="0" hostname="DESKTOP-DOLVE1I" name="com.Prod.dtx_project.F_eStillBeingReviewed" tests="10" failures="0" timestamp="12 Feb 2019 20:14:43 GMT" time="11.373" errors="0">
  <testcase name="TC001NavigateToTRANSCOM" time="0.490" classname="com.Prod.dtx_project.F_eStillBeingReviewed"/>
  <testcase name="TRANSCOMReportAnEvent" time="0.001" classname="com.Prod.dtx_project.F_eStillBeingReviewed"/>
  <testcase name="TC002logintoProfile" time="5.081" classname="com.Prod.dtx_project.F_eStillBeingReviewed"/>
  <testcase name="profileLandedpg" time="0.156" classname="com.Prod.dtx_project.F_eStillBeingReviewed"/>
  <testcase name="searchLeftNav" time="1.136" classname="com.Prod.dtx_project.F_eStillBeingReviewed"/>
  <testcase name="SearchByPSRnumber" time="1.688" classname="com.Prod.dtx_project.F_eStillBeingReviewed"/>
  <testcase name="SearchByPSRnumberValidateResult" time="0.720" classname="com.Prod.dtx_project.F_eStillBeingReviewed"/>
  <testcase name="SearchByDatixID" time="2.099" classname="com.Prod.dtx_project.F_eStillBeingReviewed"/>
  <testcase name="eAwaitingReview1" time="0.001" classname="com.Prod.dtx_project.F_eStillBeingReviewed"/>
  <testcase name="eStillBeingReviewed2" time="0.001" classname="com.Prod.dtx_project.F_eStillBeingReviewed"/>
</testsuite> <!-- com.Prod.dtx_project.F_eStillBeingReviewed -->
